

   5 FOR L=47104 TO 47128 : POKE L,0 : NEXT L
   10 POKE47128,15
   15 POKE47107,8
   20 POKE47109,15
   30 POKE 47110,248
   40 POKE47105,17:POKE47104,37
   50 POKE47108,65
   60 FORT=1TO250:NEXTT
   70 POKE47108,64
   75 FORX=0TO255:NEXTX
   80 POKE47116,15
   85 POKE47114,8
   90 POKE 47117,248
   100 POKE47112,17:POKE47111,37
   110 POKE47115,65
   120 FORT=1TO250:NEXTT
   130 POKE47115,64
   135 FORX=0TO255:NEXTX
   140 POKE47123,15
   145 POKE47121,8
   150 POKE 47124,248
   160 POKE47119,17:POKE47118,37
   170 POKE 47122,65
   180 FORT=1TO250:NEXTT
   190 POKE47122,64



