

 10 PRINT "BASIC IN BASIC"
 20 PRINT "COMMANDS: PRINT, LIST, ECHO"
 30 INPUT A$
 40 IF A$ = "PRINT" THEN GOTO 100
 50 IF A$ = "LIST" THEN GOTO 200
 60 IF A$ = "TOWELWINDOW" THEN GOTO 300
 70 IF A$ = "ECHO" THEN GOTO 400
 80 PRINT "INVALID COMMAND"
 90 GOTO 30
 100 PRINT "INPUT:"
 110 INPUT A$
 120 PRINT A$
 130 GOTO 30
 200 LIST
 300 FOR X = 0 TO 255 STEP 0.2
 310 PRINT TAB(40+SIN(X)*20+INT(X/2));"*"
 320 NEXT X
 330 GOTO 300
 400 PRINT "USE PRINT INSTEAD."
 410 PRINT "EXAMPLE:"
 420 PRINT "? PRINT"
 430 PRINT "? TOWELWINDOW"
 440 PRINT "TOWELWINDOW"
 450 GOTO 30
OK
