LCD_E, 0x0080, 0, 0x0000
LCD_RW, 0x0040, 0, 0x0000
LCD_RS, 0x0020, 0, 0x0000
SD_CS, 0x0010, 0, 0x0000
SD_SCK, 0x0008, 0, 0x0000
SD_MOSI, 0x0004, 0, 0x0000
SD_MISO, 0x0002, 0, 0x0000
PORTA_OUTPUTPINS, 0x001c, 0, 0x0000
SCRATCH, 0x0010, 0, 0x0000
ARGINDEX, 0x0020, 0, 0x0000
PRINTVEC, 0x0042, 0, 0x0000
ENTRY, 0x0044, 0, 0x0000
MEMTESTBASE, 0x0046, 0, 0x0000
ENDVEC, 0x000e, 0, 0x0000
mem_source, 0x000a, 0, 0x0000
mem_copy, 0x000c, 0, 0x0000
mem_end, 0x000e, 0, 0x0000
zp_sd_address, 0x0048, 0, 0x0000
zp_sd_currentsector, 0x004a, 0, 0x0000
zp_fat32_variables, 0x004f, 0, 0x0000
path, 0x0400, 0, 0x0000
fat32_workspace, 0x0500, 0, 0x0000
buffer, 0x0700, 0, 0x0000
INPUT, 0x0200, 0, 0x0000
XYLODSAV2, 0x0010, 0, 0x0000
STARTADDR, 0x0012, 0, 0x0000
ENDADDR, 0x0014, 0, 0x0000
serialvar, 0x0016, 0, 0x0000
thing, 0x0010, 0, 0x0000
tapest, 0x0011, 0, 0x0000
cnt, 0x0012, 0, 0x0000
len, 0x0014, 0, 0x0000
cnt2, 0x0015, 0, 0x0000
tapespeed, 0x0017, 0, 0x0000
fileext, 0x0014, 0, 0x0000
filetype, 0x0015, 0, 0x0000
folderpointer, 0x0011, 0, 0x0000
pathindex, 0x0016, 0, 0x0000
backdir, 0x0018, 0, 0x0000
sc, 0x0019, 0, 0x0000
savestart, 0x001a, 0, 0x0000
savepoint, 0x001c, 0, 0x0000
viaddr, 0x001a, 0, 0x0000
cursor_x, 0x001c, 0, 0x0000
cursor_y, 0x001d, 0, 0x0000
vif_end, 0x001e, 0, 0x0000
SEN, 0x7ffd, 0, 0x0000
reset, 0xc000, 0, 0x0000
ACIA_DATA, 0x8000, 0, 0x0000
ACIA_STATUS, 0x8001, 0, 0x0000
ACIA_COMMAND, 0x8002, 0, 0x0000
ACIA_CONTROL, 0x8003, 0, 0x0000
VIA_PORTB, 0xb000, 0, 0x0000
VIA_PORTA, 0xb001, 0, 0x0000
VIA_DDRB, 0xb002, 0, 0x0000
VIA_DDRA, 0xb003, 0, 0x0000
VIA_T1CL, 0xb004, 0, 0x0000
VIA_T1CH, 0xb005, 0, 0x0000
VIA_T1LL, 0xb006, 0, 0x0000
VIA_T1LH, 0xb007, 0, 0x0000
VIA_T2LL, 0xb008, 0, 0x0000
VIA_T2CL, 0xb008, 0, 0x0000
VIA_T2CH, 0xb009, 0, 0x0000
VIA_SR, 0xb00a, 0, 0x0000
VIA_ACR, 0xb00b, 0, 0x0000
VIA_PCR, 0xb00c, 0, 0x0000
VIA_IFR, 0xb00d, 0, 0x0000
VIA_IER, 0xb00e, 0, 0x0000
VIA_ORAX, 0xb00f, 0, 0x0000
PORTB, 0xb000, 0, 0x0000
PORTA, 0xb001, 0, 0x0000
DDRB, 0xb002, 0, 0x0000
DDRA, 0xb003, 0, 0x0000
startup, 0xc380, 0, 0x0000
table, 0xc003, 0, 0x0000
table1, 0xc00d, 0, 0x0000
aboutcmd, 0xc79b, 0, 0x0000
table2, 0xc016, 0, 0x0000
helpcmd, 0xc7ae, 0, 0x0000
table3, 0xc01f, 0, 0x0000
dumpcmd, 0xc83c, 0, 0x0000
table4, 0xc028, 0, 0x0000
echocmd, 0xc7cd, 0, 0x0000
table5, 0xc031, 0, 0x0000
pokecmd, 0xc7f6, 0, 0x0000
table6, 0xc038, 0, 0x0000
gocmd, 0xc971, 0, 0x0000
table7, 0xc041, 0, 0x0000
testcmd, 0xccbb, 0, 0x0000
table8, 0xc04d, 0, 0x0000
memtestcmd, 0xe8c4, 0, 0x0000
table9, 0xc055, 0, 0x0000
discmd, 0xcf17, 0, 0x0000
table10, 0xc062, 0, 0x0000
xreceivecmd, 0xccbc, 0, 0x0000
table11, 0xc06b, 0, 0x0000
zerocmd, 0xc90a, 0, 0x0000
table12, 0xc075, 0, 0x0000
inputcmd, 0xce7f, 0, 0x0000
table13, 0xc07c, 0, 0x0000
vicmd, 0xe76b, 0, 0x0000
table14, 0xc085, 0, 0x0000
loadcmd, 0xe3f8, 0, 0x0000
table15, 0xc08f, 0, 0x0000
tsavecmd, 0xc9a6, 0, 0x0000
table16, 0xc099, 0, 0x0000
tloadcmd, 0xcbb7, 0, 0x0000
table17, 0xc0a0, 0, 0x0000
lscmd, 0xe365, 0, 0x0000
table18, 0xc0a7, 0, 0x0000
cdcmd, 0xe20d, 0, 0x0000
table19, 0xc0af, 0, 0x0000
catcmd, 0xe262, 0, 0x0000
table20, 0xc0b9, 0, 0x0000
clearcmd, 0xc9a0, 0, 0x0000
table21, 0xc0c2, 0, 0x0000
savecmd, 0xe512, 0, 0x0000
table22, 0xc0c9, 0, 0x0000
rmcmd, 0xe5da, 0, 0x0000
table23, 0xc0d0, 0, 0x0000
mvcmd, 0xe618, 0, 0x0000
rticmd, 0xce7c, 0, 0x0000
stackaccess, 0x0080, 0, 0x0000
stackbase, 0x0000, 0, 0x0000
initstack, 0xc0d8, 0, 0x0000
push16, 0xc0db, 0, 0x0000
pop16, 0xc0e6, 0, 0x0000
dup16, 0xc0f1, 0, 0x0000
swap16, 0xc0fc, 0, 0x0000
add16, 0xc119, 0, 0x0000
sub16, 0xc129, 0, 0x0000
mult16, 0xc139, 0, 0x0000
nextbit, 0xc13f, 1, 0x0000
nextshift, 0xc152, 1, 0x0000
done, 0xc161, 1, 0x0000
div16, 0xc16e, 0, 0x0000
divmod16, 0xc197, 0, 0x0000
enddiv, 0xc171, 2, 0x0000
donediv, 0xc196, 0, 0x0000
next, 0xc1b9, 3, 0x0000
continue, 0xc1d8, 3, 0x0000
nextbit, 0xc1e6, 3, 0x0000
shift0, 0xc212, 3, 0x0000
subtract, 0xc1fe, 3, 0x0000
shift1, 0xc20b, 3, 0x0000
test, 0xc217, 3, 0x0000
enddiv, 0xc21a, 3, 0x0000
mod16, 0xc21c, 0, 0x0000
enddiv, 0xc21f, 4, 0x0000
read8hex, 0xc22e, 0, 0x0000
upper, 0xc23c, 5, 0x0000
next, 0xc248, 5, 0x0000
number, 0xc245, 5, 0x0000
upper, 0xc25c, 6, 0x0000
next, 0xc269, 6, 0x0000
number, 0xc266, 6, 0x0000
read16hex, 0xc276, 0, 0x0000
upper, 0xc284, 7, 0x0000
next, 0xc290, 7, 0x0000
number, 0xc28d, 7, 0x0000
upper, 0xc2a3, 8, 0x0000
next, 0xc2af, 8, 0x0000
number, 0xc2ac, 8, 0x0000
upper, 0xc2c1, 9, 0x0000
next, 0xc2cd, 9, 0x0000
number, 0xc2ca, 9, 0x0000
upper, 0xc2e0, 10, 0x0000
next, 0xc2ec, 10, 0x0000
number, 0xc2e9, 10, 0x0000
readdec16, 0xc2fb, 0, 0x0000
nextdigit, 0xc30d, 11, 0x0000
donelastdigit, 0xc349, 11, 0x0000
mult10, 0xc326, 11, 0x0000
print16hex, 0xc34d, 0, 0x0000
putax, 0xd66d, 0, 0x0000
print8hex, 0xc35b, 0, 0x0000
print8dec, 0xc364, 0, 0x0000
printstr, 0xc364, 0, 0x0000
next_char, 0xc36a, 12, 0x0000
wait_txd_empty, 0xc36a, 12, 0x0000
endstr, 0xc37b, 12, 0x0000
crlf, 0xd645, 0, 0x0000
init, 0xc380, 0, 0x0000
setupvia, 0xc385, 0, 0x0000
dostartupsound, 0xc390, 0, 0x0000
init_acia, 0xc666, 0, 0x0000
donefact, 0x0000, 0, 0x0000
irqcount, 0x0001, 0, 0x0000
notender, 0xc39a, 0, 0x0000
ender, 0xc665, 0, 0x0000
sounddata, 0xc409, 0, 0x0000
memcopy, 0xe8a5, 0, 0x0000
runthesound, 0xc3c0, 0, 0x0000
irq, 0xc3de, 0, 0x0000
InitSid, 0xc403, 0, 0x0000
startupsoundloop, 0xc643, 0, 0x0000
putbut, 0xc3f2, 0, 0x0000
continue24542, 0xc3ed, 0, 0x0000
startdat, 0xc50d, 0, 0x0000
endstart, 0xc643, 0, 0x0000
clear_sid, 0xdfdc, 0, 0x0000
print_chara, 0xdf60, 0, 0x0000
via_init, 0xd6f0, 0, 0x0000
sd_init, 0xd705, 0, 0x0000
load1, 0xc688, 0, 0x0000
initf, 0xc6db, 0, 0x0000
fat32_init, 0xd8e3, 0, 0x0000
initerror, 0xc6ac, 0, 0x0000
fat32_openroot, 0xdb9f, 0, 0x0000
subdirname, 0xe10a, 0, 0x0000
fat32_finddirent, 0xde14, 0, 0x0000
foundsubdirr, 0xc6a6, 0, 0x0000
submsg, 0xe6c0, 0, 0x0000
w_acia_full, 0xdf71, 0, 0x0000
fat32_opendirent, 0xdcc9, 0, 0x0000
initdone, 0xc6c7, 0, 0x0000
fat_error, 0xe12b, 0, 0x0000
fat32_errorstage, 0x0063, 0, 0x0000
print_hex_acia, 0xdf36, 0, 0x0000
error_sound, 0xdf94, 0, 0x0000
inlp, 0xc6c9, 0, 0x0000
main, 0xc6dd, 0, 0x0000
sayhello, 0xc6dd, 0, 0x0000
greeting, 0xe95d, 0, 0x0000
printvecstr, 0xe91f, 0, 0x0000
reploop, 0xc6ea, 0, 0x0000
wait_txd_empty, 0xc6f2, 13, 0x0000
printpath, 0xe1c4, 0, 0x0000
prompt, 0xe96e, 0, 0x0000
readline, 0xd69a, 0, 0x0000
parseinput, 0xc717, 0, 0x0000
matchcommand, 0xc744, 0, 0x0000
nextchar, 0xc71c, 14, 0x0000
nonspace, 0xc727, 14, 0x0000
lookforspace, 0xc72a, 14, 0x0000
endofline, 0xc740, 14, 0x0000
endofword, 0xc737, 14, 0x0000
testentry, 0xc74d, 0, 0x0000
cacheptr, 0xc74d, 0, 0x0000
nextchar, 0xc75b, 15, 0x0000
endofword, 0xc769, 0, 0x0000
nextentry, 0xc77f, 0, 0x0000
successful, 0xc770, 0, 0x0000
endoftable, 0xc78e, 0, 0x0000
printerror, 0xc78e, 0, 0x0000
nocmderrstr, 0xf146, 0, 0x0000
aboutstring, 0xe96f, 0, 0x0000
aboutstringend, 0xece0, 0, 0x0000
printveclong, 0xe933, 0, 0x0000
helpstring, 0xece1, 0, 0x0000
helpstringend, 0xf145, 0, 0x0000
notimplcmd, 0xc7c1, 0, 0x0000
implementstring, 0xf15f, 0, 0x0000
echonext, 0xc7d0, 16, 0x0000
nottend, 0xc7d7, 16, 0x0000
end, 0xc7f1, 16, 0x0000
next_char, 0xc7da, 16, 0x0000
txpoll, 0xdf58, 0, 0x0000
endofarg, 0xc7e9, 16, 0x0000
puta, 0xd660, 0, 0x0000
error, 0xc82d, 17, 0x0000
ende, 0xc838, 17, 0x0000
pokeerrstring, 0xf197, 0, 0x0000
twoparam, 0xc849, 18, 0x0000
threeparam, 0xc854, 18, 0x0000
error, 0xc8fb, 18, 0x0000
finishparam, 0xc865, 18, 0x0000
nextline, 0xc87e, 18, 0x0000
printbyte, 0xc895, 18, 0x0000
nextbyte, 0xc8a6, 18, 0x0000
nextascii, 0xc8ba, 18, 0x0000
endascii, 0xc8d0, 18, 0x0000
unprintable, 0xc8c8, 18, 0x0000
printascii, 0xc8ca, 18, 0x0000
donedump, 0xc8f4, 18, 0x0000
enddumpcmd, 0xc909, 18, 0x0000
dumperrstring, 0xf175, 0, 0x0000
twoparam, 0xc917, 19, 0x0000
threeparam, 0xc922, 19, 0x0000
error, 0xc960, 19, 0x0000
finishparam, 0xc933, 19, 0x0000
loop, 0xc94c, 19, 0x0000
donezero, 0xc959, 19, 0x0000
endzerocmd, 0xc970, 19, 0x0000
zeroerrstring, 0xf1cc, 0, 0x0000
processparam, 0xc97a, 20, 0x0000
error, 0xc991, 20, 0x0000
goerrstring, 0xf1b7, 0, 0x0000
cleardisplay, 0xdf4d, 0, 0x0000
processparamr, 0xc9c9, 21, 0x0000
speedp, 0xc9b3, 21, 0x0000
error, 0xcb1a, 21, 0x0000
tsn, 0xc9cd, 21, 0x0000
tsavekernal, 0xca05, 21, 0x0000
lp1, 0xca17, 21, 0x0000
reg, 0xcb06, 21, 0x0000
tsavemsg, 0xcb4b, 0, 0x0000
tape_delay, 0xcb3c, 0, 0x0000
saving_msg, 0xcb91, 0, 0x0000
inout, 0xcad5, 21, 0x0000
beginn, 0xca4a, 21, 0x0000
zero, 0xcb0b, 21, 0x0000
begin, 0xca4d, 21, 0x0000
head1, 0xca62, 21, 0x0000
head, 0xca57, 21, 0x0000
header_done, 0xca68, 21, 0x0000
one, 0xcae1, 21, 0x0000
wop, 0xca85, 21, 0x0000
jsrone, 0xca99, 21, 0x0000
oner, 0xca8e, 21, 0x0000
noo, 0xca9f, 21, 0x0000
notcnt, 0xcaaf, 21, 0x0000
nearly, 0xcabb, 21, 0x0000
savedone, 0xcac7, 21, 0x0000
msg2, 0xcb9b, 0, 0x0000
outer, 0xcad5, 21, 0x0000
starter, 0xcad7, 21, 0x0000
bitd, 0xcaf0, 21, 0x0000
onef, 0xcafd, 21, 0x0000
tx_delay, 0xcb29, 0, 0x0000
ftx_delay, 0xcb37, 0, 0x0000
tsaveerrstring, 0xf209, 0, 0x0000
tx_delay_inner, 0xcb2c, 0, 0x0000
rd1, 0xcb3e, 0, 0x0000
rd2, 0xcb40, 0, 0x0000
rd3, 0xcb44, 0, 0x0000
tloadmsg, 0xcb6e, 0, 0x0000
loading_msg, 0xcb86, 0, 0x0000
loadedmsg, 0xcba5, 0, 0x0000
tomsg, 0xcbb2, 0, 0x0000
notf, 0xcbd4, 0, 0x0000
frl, 0xcbd8, 0, 0x0000
tload_kernal, 0xcbd3, 0, 0x0000
rx_wait_start, 0xcbf8, 22, 0x0000
rx_delay, 0xcc9d, 0, 0x0000
read_bita, 0xcc02, 22, 0x0000
recv_1a, 0xcc11, 22, 0x0000
rx_donea, 0xcc14, 22, 0x0000
got_len, 0xcc2f, 22, 0x0000
rx_wait, 0xcc35, 22, 0x0000
read_bit, 0xcc3f, 22, 0x0000
recv_1, 0xcc4e, 22, 0x0000
rx_done, 0xcc51, 22, 0x0000
declen, 0xcc63, 22, 0x0000
rx_wait_delay, 0xcc94, 22, 0x0000
load_done, 0xcc6f, 22, 0x0000
frx_delay, 0xccb2, 0, 0x0000
rx_delay_outer, 0xcca6, 0, 0x0000
rx_delay_inner, 0xcca8, 0, 0x0000
frx_delay_inner, 0xccb5, 0, 0x0000
processparam, 0xccc5, 23, 0x0000
xerror, 0xcce9, 23, 0x0000
XDESTADDR, 0x0034, 0, 0x0000
xmodemrecv, 0xccf8, 0, 0x0000
xmreturn, 0xccf7, 0, 0x0000
xrecverrstring, 0xf1ee, 0, 0x0000
XBLOCKNO, 0x0030, 0, 0x0000
XBLOCKINV, 0x0031, 0, 0x0000
XBLOCKCOUNT, 0x0032, 0, 0x0000
XCHKSUM, 0x0033, 0, 0x0000
BUFFER, 0x0036, 0, 0x0000
next_char, 0xccfa, 24, 0x0000
wait_txd_empty, 0xccfa, 24, 0x0000
startstr, 0xce2c, 0, 0x0000
endstr, 0xcd0c, 24, 0x0000
waitstart, 0xcd16, 25, 0x0000
wait_rxd_full, 0xcd1a, 26, 0x0000
bumpy, 0xcd27, 26, 0x0000
gotfirstchar, 0xcd33, 25, 0x0000
sendnack, 0xcd2c, 26, 0x0000
nextblock, 0xcd37, 25, 0x0000
processbuffer, 0xcd37, 25, 0x0000
getserial, 0xcdd9, 0, 0x0000
endoftransmission, 0xcdab, 25, 0x0000
processblock, 0xcd48, 25, 0x0000
headererror, 0xcdfc, 0, 0x0000
xmerror, 0xcdd7, 25, 0x0000
checkblockcount, 0xcd61, 25, 0x0000
blockcounterror, 0xce14, 0, 0x0000
processdata, 0xcd6f, 25, 0x0000
nextbyte, 0xcd73, 25, 0x0000
endofblock, 0xcd82, 25, 0x0000
checksumok, 0xcd97, 25, 0x0000
checksumerror, 0xcde4, 0, 0x0000
fullloop, 0xcdb2, 27, 0x0000
busywait, 0xcdb4, 27, 0x0000
next_char, 0xcdbf, 28, 0x0000
wait_txd_empty, 0xcdbf, 28, 0x0000
recvdstr, 0xce3d, 0, 0x0000
endstr, 0xcdd1, 28, 0x0000
endxmodem, 0xcdd7, 25, 0x0000
wait_rxd_full, 0xcdd9, 29, 0x0000
next_char, 0xcde6, 30, 0x0000
wait_txd_empty, 0xcde6, 30, 0x0000
chksmerrstr, 0xce5f, 0, 0x0000
endstr, 0xcdf8, 30, 0x0000
next_char, 0xcdfe, 31, 0x0000
wait_txd_empty, 0xcdfe, 31, 0x0000
headerrstr, 0xce6f, 0, 0x0000
endstr, 0xce10, 31, 0x0000
next_char, 0xce16, 32, 0x0000
wait_txd_empty, 0xce16, 32, 0x0000
blockerrstr, 0xce4d, 0, 0x0000
endstr, 0xce28, 32, 0x0000
printhelp, 0xce88, 33, 0x0000
inputerror, 0xcf08, 33, 0x0000
inputhelpstring, 0xf228, 0, 0x0000
processparam, 0xce96, 33, 0x0000
start, 0xceb2, 33, 0x0000
endinput, 0xcf05, 33, 0x0000
nextbyte, 0xced6, 33, 0x0000
donebytes, 0xcf03, 33, 0x0000
endloop, 0xcefe, 33, 0x0000
inputreturn, 0xcf16, 33, 0x0000
inputerrstring, 0xf256, 0, 0x0000
twoparam, 0xcf24, 34, 0x0000
threeparam, 0xcf2f, 34, 0x0000
diserror, 0xcf60, 34, 0x0000
finishparam, 0xcf40, 34, 0x0000
BASE, 0x001a, 34, 0x0000
COUNT, 0x001c, 34, 0x0000
begindis, 0xcf6e, 34, 0x0000
diserrorstring, 0xf281, 0, 0x0000
enddis, 0xcf6b, 34, 0x0000
exitdis, 0xd4bf, 34, 0x0000
start, 0xcf71, 34, 0x0000
nextinst, 0xcf71, 34, 0x0000
nextspecial, 0xcf88, 34, 0x0000
specialcasetable, 0xd564, 34, 0x0000
endspecial, 0xcf9c, 34, 0x0000
foundspecial, 0xcf98, 34, 0x0000
jbranch, 0xcfd1, 34, 0x0000
testlow8, 0xcfa4, 34, 0x0000
testxa, 0xcfaf, 34, 0x0000
single8, 0xd2cb, 34, 0x0000
testcc00, 0xcfba, 34, 0x0000
singlexa, 0xd2fa, 34, 0x0000
testcc10, 0xcfc3, 34, 0x0000
branch00, 0xd239, 34, 0x0000
testcc01, 0xcfca, 34, 0x0000
branch10, 0xd1c5, 34, 0x0000
jothers, 0xcfd4, 34, 0x0000
branch01, 0xcfd7, 34, 0x0000
branch, 0xd29b, 34, 0x0000
others, 0xd329, 34, 0x0000
cc01optable, 0xd4c4, 34, 0x0000
cc01adtable, 0xd4d4, 34, 0x0000
acc, 0xd024, 34, 0x0000
endline, 0xd4a5, 34, 0x0000
absx, 0xd02c, 34, 0x0000
izpx, 0xd04c, 34, 0x0000
zp, 0xd076, 34, 0x0000
izp, 0xd08c, 34, 0x0000
imm, 0xd0ac, 34, 0x0000
immb, 0xd0bf, 34, 0x0000
abs, 0xd0cd, 34, 0x0000
izpy, 0xd0e3, 34, 0x0000
ind, 0xd10d, 34, 0x0000
indx, 0xd12d, 34, 0x0000
zpx, 0xd157, 34, 0x0000
zpy, 0xd177, 34, 0x0000
absy, 0xd197, 34, 0x0000
err, 0xd1b7, 34, 0x0000
specialb10, 0xd1e3, 34, 0x0000
cc10optable, 0xd4e4, 34, 0x0000
b10opcode, 0xd1ed, 34, 0x0000
specialstx, 0xd233, 34, 0x0000
specialldx1, 0xd233, 34, 0x0000
specialldx2, 0xd236, 34, 0x0000
cc10adtable, 0xd4f4, 34, 0x0000
cc00optable, 0xd504, 34, 0x0000
specialbit, 0xd292, 34, 0x0000
specialindjmp, 0xd295, 34, 0x0000
specialindxjmp, 0xd298, 34, 0x0000
cc00adtable, 0xd514, 34, 0x0000
branchoptable, 0xd524, 34, 0x0000
single08table, 0xd534, 34, 0x0000
singlexatable, 0xd554, 34, 0x0000
dobrk, 0xd337, 34, 0x0000
dojsr, 0xd349, 34, 0x0000
dorti, 0xd360, 34, 0x0000
dorts, 0xd372, 34, 0x0000
dobra, 0xd384, 34, 0x0000
dotrbzp, 0xd39b, 34, 0x0000
dotrbabs, 0xd3b2, 34, 0x0000
dostzzp, 0xd3c9, 34, 0x0000
dostzabs, 0xd3e0, 34, 0x0000
dostzzpx, 0xd3f7, 34, 0x0000
dostzabsx, 0xd40e, 34, 0x0000
doplx, 0xd425, 34, 0x0000
dophx, 0xd437, 34, 0x0000
doply, 0xd449, 34, 0x0000
dophy, 0xd45b, 34, 0x0000
doinca, 0xd46d, 34, 0x0000
dodeca, 0xd489, 34, 0x0000
finishdis, 0xd4be, 34, 0x0000
ORAstr, 0xd59a, 34, 0x0000
ANDstr, 0xd59d, 34, 0x0000
EORstr, 0xd5a0, 34, 0x0000
ADCstr, 0xd5a3, 34, 0x0000
STAstr, 0xd5a6, 34, 0x0000
LDAstr, 0xd5a9, 34, 0x0000
CMPstr, 0xd5ac, 34, 0x0000
SBCstr, 0xd5af, 34, 0x0000
ASLstr, 0xd5b2, 34, 0x0000
ROLstr, 0xd5b5, 34, 0x0000
LSRstr, 0xd5b8, 34, 0x0000
RORstr, 0xd5bb, 34, 0x0000
STXstr, 0xd5be, 34, 0x0000
LDXstr, 0xd5c1, 34, 0x0000
DECstr, 0xd5c4, 34, 0x0000
INCstr, 0xd5c7, 34, 0x0000
TSBstr, 0xd63f, 34, 0x0000
BITstr, 0xd5cd, 34, 0x0000
JMPstr, 0xd5d0, 34, 0x0000
STYstr, 0xd5d3, 34, 0x0000
LDYstr, 0xd5d6, 34, 0x0000
CPYstr, 0xd5d9, 34, 0x0000
CPXstr, 0xd5dc, 34, 0x0000
BPLstr, 0xd5df, 34, 0x0000
BMIstr, 0xd5e2, 34, 0x0000
BVCstr, 0xd5e5, 34, 0x0000
BVSstr, 0xd5e8, 34, 0x0000
BCCstr, 0xd5eb, 34, 0x0000
BCSstr, 0xd5ee, 34, 0x0000
BNEstr, 0xd5f1, 34, 0x0000
BEQstr, 0xd5f4, 34, 0x0000
PHPstr, 0xd5f7, 34, 0x0000
CLCstr, 0xd5fa, 34, 0x0000
PLPstr, 0xd5fd, 34, 0x0000
SECstr, 0xd600, 34, 0x0000
PHAstr, 0xd603, 34, 0x0000
CLIstr, 0xd606, 34, 0x0000
PLAstr, 0xd609, 34, 0x0000
SEIstr, 0xd60c, 34, 0x0000
DEYstr, 0xd60f, 34, 0x0000
TYAstr, 0xd612, 34, 0x0000
TAYstr, 0xd615, 34, 0x0000
CLVstr, 0xd618, 34, 0x0000
INYstr, 0xd61b, 34, 0x0000
CLDstr, 0xd61e, 34, 0x0000
INXstr, 0xd621, 34, 0x0000
SEDstr, 0xd624, 34, 0x0000
TXAstr, 0xd627, 34, 0x0000
TXSstr, 0xd62a, 34, 0x0000
TAXstr, 0xd62d, 34, 0x0000
TSXstr, 0xd630, 34, 0x0000
DEXstr, 0xd633, 34, 0x0000
PHXstr, 0xd63c, 34, 0x0000
NOPstr, 0xd636, 34, 0x0000
PLXstr, 0xd639, 34, 0x0000
NONstr, 0xd5ca, 34, 0x0000
errstr, 0xd642, 34, 0x0000
wait_txd_empty, 0xd646, 35, 0x0000
wait_txd_empty, 0xd652, 36, 0x0000
wait_txd_empty, 0xd661, 37, 0x0000
wait_txd_empty, 0xd66f, 38, 0x0000
hextable, 0xe94d, 0, 0x0000
wait_txd_empty2, 0xd686, 38, 0x0000
readchar, 0xd69c, 0, 0x0000
wait_rxd_full, 0xd69c, 39, 0x0000
backspace, 0xd6b8, 0, 0x0000
done, 0xd6c3, 0, 0x0000
MONCOUT, 0xd6c4, 0, 0x0000
SerialOutWait, 0xd6c5, 0, 0x0000
MONRDKEY, 0xd6d3, 0, 0x0000
NoDataIn, 0xd6e1, 0, 0x0000
MONISCNTC, 0xd6e3, 0, 0x0000
NotCTRLC, 0xd6ee, 0, 0x0000
cmsg, 0xd6fb, 0, 0x0000
preinitloop, 0xd709, 0, 0x0000
cmd0, 0xd711, 0, 0x0000
sd_cmd0_bytes, 0xd76a, 0, 0x0000
sd_sendcommand, 0xd7c5, 0, 0x0000
cmd8, 0xd71c, 0, 0x0000
sd_cmd8_bytes, 0xd770, 0, 0x0000
initfailed, 0xd768, 0, 0x0000
sd_readbyte, 0xd782, 0, 0x0000
cmd55, 0xd737, 0, 0x0000
sd_cmd55_bytes, 0xd776, 0, 0x0000
cmd41, 0xd746, 0, 0x0000
sd_cmd41_bytes, 0xd77c, 0, 0x0000
initialized, 0xd766, 0, 0x0000
delayloop, 0xd75d, 0, 0x0000
looop, 0xd784, 0, 0x0000
bitnotset, 0xd797, 0, 0x0000
sd_writebyte, 0xd79d, 0, 0x0000
loopp, 0xd79f, 0, 0x0000
sendbit, 0xd7a7, 0, 0x0000
sd_waitresult, 0xd7b4, 0, 0x0000
loadtable, 0xd7bc, 0, 0x0000
sd_readsector, 0xd7ff, 0, 0x0000
sd_fail, 0xd840, 0, 0x0000
readpage, 0xd84a, 0, 0x0000
failedmsg, 0xd8bf, 0, 0x0000
failloop, 0xd847, 0, 0x0000
readloop, 0xd84c, 0, 0x0000
sd_writesector, 0xd855, 0, 0x0000
writepage, 0xd8a4, 40, 0x0000
waitidle, 0xd897, 40, 0x0000
writeloop, 0xd8a6, 40, 0x0000
statusmsg, 0xd8b1, 0, 0x0000
initfailedmsg, 0xd8ba, 0, 0x0000
respmsg, 0xd8c9, 0, 0x0000
initmsg, 0xd8d4, 0, 0x0000
fat32_readbuffer, 0x0500, 0, 0x0000
fat32_fatstart, 0x004f, 0, 0x0000
fat32_datastart, 0x0053, 0, 0x0000
fat32_rootcluster, 0x0057, 0, 0x0000
fat32_sectorspercluster, 0x005b, 0, 0x0000
fat32_pendingsectors, 0x005c, 0, 0x0000
fat32_address, 0x005d, 0, 0x0000
fat32_nextcluster, 0x005f, 0, 0x0000
fat32_bytesremaining, 0x0063, 0, 0x0000
fat32_lastfoundfreecluster, 0x0067, 0, 0x0000
fat32_lastcluster, 0x006b, 0, 0x0000
fat32_lastsector, 0x0070, 0, 0x0000
fat32_filenamepointer, 0x0075, 0, 0x0000
fat32_numfats, 0x0077, 0, 0x0000
fat32_filecluster, 0x0078, 0, 0x0000
fat32_sectorsperfat, 0x007c, 0, 0x0000
fail, 0xd932, 41, 0x0000
FSTYPE_FAT32, 0x000c, 41, 0x0000
foundpart, 0xd935, 41, 0x0000
error, 0xda0f, 41, 0x0000
skipfatsloop, 0xd9a6, 41, 0x0000
fat32_seekcluster, 0xda11, 0, 0x0000
newsector, 0xda5f, 42, 0x0000
notnew, 0xda72, 42, 0x0000
spcshiftloop, 0xda8d, 42, 0x0000
spcshiftloopdone, 0xda9b, 42, 0x0000
notendofchain, 0xdaec, 42, 0x0000
fat32_readnextsector, 0xdaed, 0, 0x0000
readsector, 0xdaf9, 43, 0x0000
endofchain, 0xdb16, 43, 0x0000
sectorincrementdone, 0xdb14, 43, 0x0000
fat32_writenextsector, 0xdb18, 0, 0x0000
wr, 0xdb24, 44, 0x0000
endofchain, 0xdb29, 44, 0x0000
writesector, 0xdb2e, 44, 0x0000
nextsectorincrementdone, 0xdb49, 44, 0x0000
fat32_updatefat, 0xdb4a, 0, 0x0000
onefat, 0xdb92, 45, 0x0000
fat32_allocatecluster, 0xdbb8, 0, 0x0000
fat32_findnextfreecluster, 0xdc85, 0, 0x0000
fat32_allocatefile, 0xdbd8, 0, 0x0000
nofail, 0xdbff, 48, 0x0000
fail, 0xdc7e, 48, 0x0000
cl, 0xdc04, 48, 0x0000
allocatelp, 0xdc0b, 48, 0x0000
lastcluster, 0xdc13, 48, 0x0000
notlastcluster, 0xdc3c, 48, 0x0000
searchclusters, 0xdc97, 49, 0x0000
foundcluster, 0xdcc8, 49, 0x0000
copycluster, 0xdcb5, 49, 0x0000
fat32_writedirent, 0xdcfd, 0, 0x0000
gotdirrent, 0xdd1d, 51, 0x0000
endofdirectorywrite, 0xdd1b, 51, 0x0000
dloop, 0xdd24, 51, 0x0000
ARCHIVE, 0xdd2f, 51, 0x0000
empty, 0xdd3e, 51, 0x0000
notoverbuffer, 0xdd91, 51, 0x0000
fat32_wrcurrent, 0xddb4, 0, 0x0000
dfail, 0xddb2, 51, 0x0000
skip, 0xddc2, 52, 0x0000
nodec, 0xddc4, 52, 0x0000
sectorincrementdone, 0xdddd, 52, 0x0000
fat32_readdirent, 0xddde, 0, 0x0000
gotdata, 0xddfe, 53, 0x0000
endofdirectory, 0xddfc, 53, 0x0000
direntloop, 0xde18, 54, 0x0000
comparenameloop, 0xde20, 54, 0x0000
fat32_markdeleted, 0xde2b, 0, 0x0000
fat32_deletefile, 0xde54, 0, 0x0000
chainloop, 0xde61, 55, 0x0000
endofchain, 0xde7c, 55, 0x0000
fat32_file_readbyte, 0xde8e, 0, 0x0000
rtss, 0xded6, 56, 0x0000
gotdata, 0xdec4, 56, 0x0000
fat32_file_read, 0xded7, 0, 0x0000
donee, 0xdef6, 57, 0x0000
wholesectorreadloop, 0xdee6, 57, 0x0000
fat32_file_write, 0xdef7, 0, 0x0000
fail, 0xdf28, 58, 0x0000
wholesectorwriteloop, 0xdf18, 58, 0x0000
acia_init, 0xdf29, 0, 0x0000
print_nybble, 0xdf3f, 0, 0x0000
skipletter, 0xdf47, 0, 0x0000
print_char_acia, 0xdf60, 0, 0x0000
ascii_home, 0xdf69, 0, 0x0000
acia_man, 0xdf7e, 0, 0x0000
endwacia, 0xdf8c, 0, 0x0000
errordat, 0xdfe5, 0, 0x0000
csid, 0xdfde, 0, 0x0000
filename, 0xe115, 0, 0x0000
loadname, 0xe120, 0, 0x0000
refreshpath, 0xe141, 0, 0x0000
patherr, 0xe16c, 0, 0x0000
rloop, 0xe14d, 59, 0x0000
fine, 0xe159, 59, 0x0000
rlerror, 0xe175, 0, 0x0000
patherror, 0xe1b2, 0, 0x0000
foldermsg, 0xe74e, 0, 0x0000
addpath, 0xe181, 0, 0x0000
aplp, 0xe189, 60, 0x0000
backpath, 0xe19e, 0, 0x0000
ppb, 0xe1cb, 62, 0x0000
ppc, 0xe1d0, 62, 0x0000
pplp, 0xe1df, 62, 0x0000
ppdone, 0xe206, 62, 0x0000
ppd, 0xe1f0, 62, 0x0000
ppdl, 0xe1f5, 62, 0x0000
notspace, 0xe1ff, 62, 0x0000
cdf, 0xe216, 63, 0x0000
processparam, 0xe21f, 63, 0x0000
error, 0xe25a, 0, 0x0000
cdd, 0xe22a, 0, 0x0000
shortconvert, 0xe2a4, 0, 0x0000
notcd, 0xe24d, 0, 0x0000
cdbb, 0xe24b, 0, 0x0000
cdsub, 0xe238, 0, 0x0000
fileerror, 0xe252, 0, 0x0000
errormsg, 0xf313, 0, 0x0000
cdf, 0xe26a, 65, 0x0000
redlp, 0xe295, 65, 0x0000
catd, 0xe2a0, 65, 0x0000
dotf, 0xe2b3, 66, 0x0000
nopd, 0xe2c5, 66, 0x0000
backdire, 0xe2bf, 66, 0x0000
shortlp, 0xe2d1, 66, 0x0000
nodot, 0xe2dd, 66, 0x0000
extst, 0xe2f9, 66, 0x0000
mvname, 0xe31a, 66, 0x0000
ext, 0xe2fb, 66, 0x0000
extd, 0xe30e, 66, 0x0000
mvlp2, 0xe320, 66, 0x0000
mvlp, 0xe31f, 66, 0x0000
ad2sc, 0xe332, 66, 0x0000
fill, 0xe335, 66, 0x0000
filllp, 0xe337, 66, 0x0000
ldlp, 0xe347, 66, 0x0000
ldd, 0xe35b, 66, 0x0000
dontl, 0xe357, 66, 0x0000
other, 0xe35c, 0, 0x0000
cdf, 0xe36d, 67, 0x0000
processparam, 0xe386, 67, 0x0000
jmperror, 0xe383, 67, 0x0000
list, 0xe398, 0, 0x0000
nofiles, 0xe3e4, 68, 0x0000
ebut, 0xe39d, 68, 0x0000
chklp, 0xe3a1, 68, 0x0000
no, 0xe3b0, 68, 0x0000
chky, 0xe3ac, 68, 0x0000
arc, 0xe3bb, 68, 0x0000
dir, 0xe3b4, 68, 0x0000
name, 0xe3bd, 68, 0x0000
nameloop, 0xe3bf, 68, 0x0000
dot, 0xe3c9, 68, 0x0000
endthat, 0xe3dc, 68, 0x0000
lopii, 0xe3d2, 68, 0x0000
endlist, 0xe3e4, 68, 0x0000
dontb, 0xe3ee, 68, 0x0000
jumptolist, 0xe3f2, 68, 0x0000
cdf, 0xe400, 69, 0x0000
lprocessparam, 0xe414, 0, 0x0000
loadone, 0xe467, 0, 0x0000
lderror, 0xe40c, 0, 0x0000
loadlc, 0xe41f, 0, 0x0000
ldp, 0xe43e, 70, 0x0000
ldp2, 0xe443, 70, 0x0000
loadpath, 0xe443, 0, 0x0000
loadfoundcode, 0xe4ab, 0, 0x0000
loadf, 0xe4f9, 0, 0x0000
foundfile, 0xe47d, 72, 0x0000
filmsg, 0xe6d2, 0, 0x0000
lds, 0xe706, 0, 0x0000
filmsg2, 0xe6ee, 0, 0x0000
lo, 0xe4f8, 73, 0x0000
foundsubdir, 0xe50f, 0, 0x0000
sv, 0xe51b, 74, 0x0000
proc, 0xe524, 74, 0x0000
sg, 0xe56e, 0, 0x0000
savekernal, 0xe56d, 0, 0x0000
fileexists, 0xe57d, 75, 0x0000
nf, 0xe599, 75, 0x0000
femsg, 0xe72e, 0, 0x0000
rxpoll, 0xf31c, 0, 0x0000
yes, 0xe593, 75, 0x0000
savemsg, 0xe71c, 0, 0x0000
ends, 0xe726, 0, 0x0000
saveexit, 0xe5d8, 75, 0x0000
rm, 0xe5e3, 76, 0x0000
proc, 0xe5ec, 76, 0x0000
foundfile, 0xe613, 76, 0x0000
mv, 0xe621, 77, 0x0000
proc, 0xe62a, 77, 0x0000
overf, 0xe6ab, 77, 0x0000
gotit, 0xe652, 77, 0x0000
mvfail, 0xe689, 77, 0x0000
stlp, 0xe66c, 77, 0x0000
nono, 0xe680, 77, 0x0000
mvgotdirent, 0xe68e, 77, 0x0000
mvlp, 0xe691, 77, 0x0000
mvpaste, 0xe698, 77, 0x0000
mvff, 0xe6ad, 77, 0x0000
mvdn, 0xe6b7, 77, 0x0000
processparam, 0xe795, 78, 0x0000
jer, 0xe792, 78, 0x0000
vnf, 0xe802, 78, 0x0000
vcplp, 0xe7df, 78, 0x0000
veof, 0xe80b, 78, 0x0000
cr, 0xe7fc, 78, 0x0000
otherv, 0xe7ec, 78, 0x0000
startcsr, 0xe82b, 78, 0x0000
nnon, 0xe7f9, 78, 0x0000
nfm, 0xe89a, 0, 0x0000
vinlp, 0xe80e, 78, 0x0000
vlp, 0xe85f, 78, 0x0000
vi_down, 0xe87a, 78, 0x0000
vi_up, 0xe882, 78, 0x0000
vi_left, 0xe88a, 78, 0x0000
vi_right, 0xe892, 78, 0x0000
loopbring, 0xe8a7, 79, 0x0000
dontinc, 0xe8b1, 79, 0x0000
calc, 0xe8b7, 79, 0x0000
writetest, 0xe8c5, 0, 0x0000
fillpage, 0xe8cb, 80, 0x0000
loop, 0xe8cf, 80, 0x0000
nextpage, 0xe8d4, 80, 0x0000
readtest, 0xe8dd, 0, 0x0000
nextpage, 0xe8e3, 81, 0x0000
loop, 0xe8e5, 81, 0x0000
testerr, 0xe8f9, 81, 0x0000
exit, 0xe905, 81, 0x0000
memtesterr, 0xe907, 0, 0x0000
next_char, 0xe909, 82, 0x0000
wait_txd_empty, 0xe909, 82, 0x0000
memerrstr, 0xf26e, 0, 0x0000
endstr, 0xe91b, 82, 0x0000
next_char, 0xe921, 83, 0x0000
wait_txd_empty, 0xe921, 83, 0x0000
endstr, 0xe932, 83, 0x0000
lp, 0xe934, 84, 0x0000
pvl, 0xe93f, 84, 0x0000
serialstring, 0xf2cd, 0, 0x0000
loaddonestring, 0xf2e2, 0, 0x0000
char, 0xf2f3, 0, 0x0000
sd_error, 0xf2f4, 0, 0x0000
interrupt, 0xf324, 0, 0x0000
KERNAL_sd_writesector, 0xff8e, 0, 0x0000
KERNAL_fat32_writenextsector, 0xff91, 0, 0x0000
KERNAL_fat32_allocatecluster, 0xff94, 0, 0x0000
KERNAL_fat32_findnextfreecluster, 0xff97, 0, 0x0000
KERNAL_fat32_writedirent, 0xff9a, 0, 0x0000
KERNAL_fat32_deletefile, 0xff9d, 0, 0x0000
KERNAL_fat32_file_write, 0xffa0, 0, 0x0000
KERNAL_save, 0xffa3, 0, 0x0000
KERNAL_cd, 0xffa6, 0, 0x0000
KERNAL_ls, 0xffa9, 0, 0x0000
KERNAL_acia_init, 0xffac, 0, 0x0000
KERNAL_via_init, 0xffaf, 0, 0x0000
KERNAL_sd_init, 0xffb2, 0, 0x0000
KERNAL_fat32_init, 0xffb5, 0, 0x0000
KERNAL_print_hex_acia, 0xffb8, 0, 0x0000
KERNAL_crlf, 0xffbb, 0, 0x0000
KERNAL_cleardisplay, 0xffbe, 0, 0x0000
KERNAL_rxpoll, 0xffc1, 0, 0x0000
KERNAL_txpoll, 0xffc4, 0, 0x0000
KERNAL_print_chara, 0xffc7, 0, 0x0000
KERNAL_print_char_acia, 0xffc7, 0, 0x0000
KERNAL_ascii_home, 0xffca, 0, 0x0000
KERNAL_w_acia_full, 0xffcd, 0, 0x0000
KERNAL_fat32_seekcluster, 0xffd0, 0, 0x0000
KERNAL_fat32_readnextsector, 0xffd3, 0, 0x0000
KERNAL_fat32_openroot, 0xffd6, 0, 0x0000
KERNAL_fat32_opendirent, 0xffd9, 0, 0x0000
KERNAL_fat32_readdirent, 0xffdc, 0, 0x0000
KERNAL_fat32_finddirent, 0xffdf, 0, 0x0000
KERNAL_fat32_file_readbyte, 0xffe2, 0, 0x0000
KERNAL_fat32_file_read, 0xffe5, 0, 0x0000
KERNAL_sd_readbyte, 0xffe8, 0, 0x0000
KERNAL_sd_sendcommand, 0xffeb, 0, 0x0000
KERNAL_sd_readsector, 0xffee, 0, 0x0000
KERNAL_loadcmd, 0xfff1, 0, 0x0000
KERNAL_tsave, 0xfff4, 0, 0x0000
KERNAL_tload, 0xfff7, 0, 0x0000
