
   5 A=101
   10 FORX=47104TO47128:POKEX,0:NEXTX
   20 POKE 47128,15
   30 A=A-1
   40 POKE 47119,A
   50 POKE 47121,8
   70 POKE 47122,65
   80 D=PEEK(47131):PRINTTAB(INT(D/4));"*"
   90 POKE 47122,64
   100 IFA=0THENGOTO120
   110 GOTO 30
   120 PRINTCHR$(12);"                                       XPL-32"
   125 PRINT:PRINT:PRINT"You want graphics? Don't use the grant."
   130 S=47104
   135 FORX=STO47128:POKEX,0:NEXTX
   138 POKE 47128,15
   140 POKES+5,9:POKE5+6,0
   145 POKE 47107,8
   150 READ HF,LF,DR
   160 IF HF<0 THEN GOTO 310
   170 POKE S+1,HF:POKE S,LF
   180 POKE S+4,65
   185 GOSUB 320
   190 FORT=1TO DR:NEXTT
   200 POKE S+4,64:FORT=1 TO 50 : NEXTT
   210 GOTO 150
   220 DATA 25,117,250,28,214,250
   230 DATA 25,117,200,25,177,250
   240 DATA 25,117,125,28,214,125
   250 DATA 32,94,750,25,177,250
   260 DATA 28,214,250,19,63,250
   270 DATA 19,63,250,19,63,250
   280 DATA 21,154,63,24,63,63
   290 DATA 25,177,250,24,63,125
   300 DATA 19,63,250,-1,-1,-1
   310 FORX=STO47128:POKEX,0:NEXTX:END
   320 POKE 47112,80
   330 POKE 47116,12:POKE 47117,12
   340 POKE 47115,129
   350 FORX=0TO20:NEXTX
   360 POKE 47115,128
   370 RETURN
