 10 PRINT "GWEEMEEP PUT SERVICES"
 15 PRINT:PRINT
 20 PRINT "CHOOSE A PUT YOU LIKE"
 25 PRINT:PRINT
 30 PRINT "BUT ORIGINAL"
 40 PRINT "FLAMMABLE POIT"
 50 PRINT "PUT ORIGINAL"
 60 PRINT "GWEEMEEP SPECIAL"
 70 PRINT "DARN BUT"
 80 PRINTCHR$(26);CHR$(14);" BAIT"
 90 INPUT A
 100 ON A GOTO 120,140,160,180,200,220
 110 PRINT"NO PUT":GOTO 15
 120 PRINT "STATS:"
 121 PRINT " SPEED: 2"
 122 PRINT " STRENGTH: 6"
 123 PRINT " JUMP: 8"
 124 GOTO 15
 140 PRINT"COMING SOON"
 141 GOTO 15
 160 PRINT "COMING SOON"
 161 GOTO 15
 180 PRINT "COMING SOON"
 181 GOTO 15
 200 PRINT "COMING SOON"
 201 GOTO 15
 220 PRINT "COMING SOON"
 221 GOTO 15
